<?xml version="1.0" encoding="UTF-8"?>
<testng-results ignored="0" total="1" passed="1" failed="0" skipped="0">
  <reporter-output>
  </reporter-output>
  <suite started-at="2022-07-22T12:56:12Z" name="Default suite" finished-at="2022-07-22T12:56:41Z" duration-ms="28156">
    <groups>
    </groups>
    <test started-at="2022-07-22T12:56:12Z" name="Default test" finished-at="2022-07-22T12:56:41Z" duration-ms="28156">
      <class name="com.iris22a.ProductTest">
        <test-method is-config="true" signature="setUp(java.lang.String)[pri:0, instance:com.iris22a.ProductTest@7efaad5a]" started-at="2022-07-22T12:56:12Z" name="setUp" finished-at="2022-07-22T12:56:21Z" duration-ms="8920" status="PASS">
          <params>
            <param index="0">
              <value is-null="true"/>
            </param>
          </params>
          <reporter-output>
          </reporter-output>
        </test-method> <!-- setUp -->
        <test-method signature="verifySerchResultForPoloMen()[pri:0, instance:com.iris22a.ProductTest@7efaad5a]" started-at="2022-07-22T12:56:21Z" name="verifySerchResultForPoloMen" finished-at="2022-07-22T12:56:36Z" duration-ms="14397" status="PASS">
          <reporter-output>
          </reporter-output>
        </test-method> <!-- verifySerchResultForPoloMen -->
        <test-method is-config="true" signature="tesrDown()[pri:0, instance:com.iris22a.ProductTest@7efaad5a]" started-at="2022-07-22T12:56:36Z" name="tesrDown" finished-at="2022-07-22T12:56:41Z" duration-ms="4763" status="PASS">
          <reporter-output>
          </reporter-output>
        </test-method> <!-- tesrDown -->
      </class> <!-- com.iris22a.ProductTest -->
    </test> <!-- Default test -->
  </suite> <!-- Default suite -->
</testng-results>
